{"/Users/lukedonahue/alchemy/career-track/lab-03/lib/document-collection.js": {"path":"/Users/lukedonahue/alchemy/career-track/lab-03/lib/document-collection.js","statementMap":{"0":{"start":{"line":1,"column":41},"end":{"line":1,"column":59}},"1":{"start":{"line":2,"column":16},"end":{"line":2,"column":34}},"2":{"start":{"line":3,"column":13},"end":{"line":3,"column":28}},"3":{"start":{"line":7,"column":4},"end":{"line":7,"column":25}},"4":{"start":{"line":11,"column":20},"end":{"line":11,"column":38}},"5":{"start":{"line":12,"column":4},"end":{"line":12,"column":24}},"6":{"start":{"line":13,"column":29},"end":{"line":13,"column":51}},"7":{"start":{"line":14,"column":4},"end":{"line":18,"column":42}},"8":{"start":{"line":16,"column":8},"end":{"line":16,"column":22}},"9":{"start":{"line":18,"column":22},"end":{"line":18,"column":38}},"10":{"start":{"line":22,"column":17},"end":{"line":22,"column":44}},"11":{"start":{"line":23,"column":4},"end":{"line":26,"column":8}},"12":{"start":{"line":25,"column":8},"end":{"line":25,"column":35}},"13":{"start":{"line":31,"column":4},"end":{"line":38,"column":43}},"14":{"start":{"line":33,"column":8},"end":{"line":36,"column":12}},"15":{"start":{"line":34,"column":26},"end":{"line":34,"column":50}},"16":{"start":{"line":35,"column":10},"end":{"line":35,"column":35}},"17":{"start":{"line":38,"column":22},"end":{"line":38,"column":39}},"18":{"start":{"line":46,"column":0},"end":{"line":46,"column":36}}},"fnMap":{"0":{"name":"(anonymous_0)","decl":{"start":{"line":6,"column":2},"end":{"line":6,"column":3}},"loc":{"start":{"line":6,"column":22},"end":{"line":8,"column":3}},"line":6},"1":{"name":"(anonymous_1)","decl":{"start":{"line":10,"column":2},"end":{"line":10,"column":3}},"loc":{"start":{"line":10,"column":15},"end":{"line":19,"column":3}},"line":10},"2":{"name":"(anonymous_2)","decl":{"start":{"line":15,"column":12},"end":{"line":15,"column":13}},"loc":{"start":{"line":15,"column":18},"end":{"line":17,"column":7}},"line":15},"3":{"name":"(anonymous_3)","decl":{"start":{"line":18,"column":13},"end":{"line":18,"column":14}},"loc":{"start":{"line":18,"column":20},"end":{"line":18,"column":40}},"line":18},"4":{"name":"(anonymous_4)","decl":{"start":{"line":21,"column":2},"end":{"line":21,"column":3}},"loc":{"start":{"line":21,"column":10},"end":{"line":27,"column":3}},"line":21},"5":{"name":"(anonymous_5)","decl":{"start":{"line":24,"column":12},"end":{"line":24,"column":13}},"loc":{"start":{"line":24,"column":23},"end":{"line":26,"column":7}},"line":24},"6":{"name":"(anonymous_6)","decl":{"start":{"line":29,"column":2},"end":{"line":29,"column":3}},"loc":{"start":{"line":29,"column":11},"end":{"line":43,"column":3}},"line":29},"7":{"name":"(anonymous_7)","decl":{"start":{"line":32,"column":12},"end":{"line":32,"column":13}},"loc":{"start":{"line":32,"column":21},"end":{"line":37,"column":7}},"line":32},"8":{"name":"(anonymous_8)","decl":{"start":{"line":33,"column":35},"end":{"line":33,"column":36}},"loc":{"start":{"line":33,"column":46},"end":{"line":36,"column":9}},"line":33},"9":{"name":"(anonymous_9)","decl":{"start":{"line":38,"column":13},"end":{"line":38,"column":14}},"loc":{"start":{"line":38,"column":20},"end":{"line":38,"column":41}},"line":38}},"branchMap":{},"s":{"0":1,"1":1,"2":1,"3":3,"4":1,"5":1,"6":1,"7":1,"8":1,"9":0,"10":2,"11":2,"12":2,"13":1,"14":1,"15":1,"16":1,"17":0,"18":1},"f":{"0":3,"1":1,"2":1,"3":0,"4":2,"5":2,"6":1,"7":1,"8":1,"9":0},"b":{},"_coverageSchema":"43e27e138ebf9cfc5966b082cf9a028302ed4184","hash":"b9108fa9cbcba59f234e65b3f02353d03d406ee4"}
}
